<?xml version="1.0" encoding="UTF-8"?>
<!-- Generated by org.testng.reporters.JUnitReportReporter -->
<testsuite hostname="Ishan-Verma" failures="0" tests="1" name="Formy_Test.AutocompletePage_Test" time="1.797" errors="0" timestamp="2024-03-07T20:50:50 EST" skipped="0">
  <testcase classname="Formy_Test.AutocompletePage_Test" name="testautocompleteform" time="1.797"/>
  <system-out/>
</testsuite> <!-- Formy_Test.AutocompletePage_Test -->
