<?xml version="1.0" encoding="UTF-8"?>
<!-- Generated by org.testng.reporters.JUnitReportReporter -->
<testsuite hostname="Ishan-Verma" failures="0" tests="2" name="com.Formy.pages.ParallelTesting2" time="13.361" errors="0" timestamp="2024-03-09T18:15:52 EST" skipped="0">
  <testcase classname="com.Formy.pages.ParallelTesting2" name="TestRadioBtn" time="6.685"/>
  <system-out/>
  <testcase classname="com.Formy.pages.ParallelTesting2" name="TestRadioBtn" time="6.676"/>
  <system-out/>
</testsuite> <!-- com.Formy.pages.ParallelTesting2 -->
