<?xml version="1.0" encoding="UTF-8"?>
<!-- Generated by org.testng.reporters.JUnitReportReporter -->
<testsuite hostname="Ishan-Verma" failures="0" tests="1" name="AutocompletePage_Test" time="0.610" errors="0" timestamp="2024-03-07T01:56:06 EST" skipped="0">
  <testcase classname="AutocompletePage_Test" name="testautocompleteform" time="0.610"/>
  <system-out/>
</testsuite> <!-- AutocompletePage_Test -->
