<?xml version="1.0" encoding="UTF-8"?>
<!-- Generated by org.testng.reporters.JUnitReportReporter -->
<testsuite hostname="Ishan-Verma" failures="0" tests="2" name="com.Formy.pages.DataproviderOnly" time="9.089" errors="0" timestamp="2024-03-09T17:33:40 EST" skipped="0">
  <testcase classname="com.Formy.pages.DataproviderOnly" name="testinputFields" time="4.108"/>
  <system-out/>
  <testcase classname="com.Formy.pages.DataproviderOnly" name="testinputFields" time="4.981"/>
  <system-out/>
</testsuite> <!-- com.Formy.pages.DataproviderOnly -->
